<html>
<head>
<title>TestNG:  Chrome Browser Tests</title>
<link href="../testng.css" rel="stylesheet" type="text/css" />
<link href="../my-testng.css" rel="stylesheet" type="text/css" />

<style type="text/css">
.log { display: none;} 
.stack-trace { display: none;} 
</style>
<script type="text/javascript">
<!--
function flip(e) {
  current = e.style.display;
  if (current == 'block') {
    e.style.display = 'none';
    return 0;
  }
  else {
    e.style.display = 'block';
    return 1;
  }
}

function toggleBox(szDivId, elem, msg1, msg2)
{
  var res = -1;  if (document.getElementById) {
    res = flip(document.getElementById(szDivId));
  }
  else if (document.all) {
    // this is the way old msie versions work
    res = flip(document.all[szDivId]);
  }
  if(elem) {
    if(res == 0) elem.innerHTML = msg1; else elem.innerHTML = msg2;
  }

}

function toggleAllBoxes() {
  if (document.getElementsByTagName) {
    d = document.getElementsByTagName('div');
    for (i = 0; i < d.length; i++) {
      if (d[i].className == 'log') {
        flip(d[i]);
      }
    }
  }
}

// -->
</script>

</head>
<body>
<h2 align='center'>Chrome Browser Tests</h2><table border='1' align="center">
<tr>
<td>Tests passed/Failed/Skipped:</td><td>0/4/0</td>
</tr><tr>
<td>Started on:</td><td>Wed Aug 27 15:33:44 GMT+03:00 2025</td>
</tr>
<tr><td>Total time:</td><td>44 seconds (44609 ms)</td>
</tr><tr>
<td>Included groups:</td><td></td>
</tr><tr>
<td>Excluded groups:</td><td></td>
</tr>
</table><p/>
<small><i>(Hover the method name to see the test class name)</i></small><p/>
<table width='100%' border='1' class='invocation-failed'>
<tr><td colspan='4' align='center'><b>FAILED TESTS</b></td></tr>
<tr><td><b>Test method</b></td>
<td><b>Attribute(s)</b></td>
<td width="30%"><b>Exception</b></td>
<td width="10%"><b>Time (seconds)</b></td>
<td><b>Instance</b></td>
</tr>
<tr>
<td title='com.appiumautomation.testrunners.CucumberTestRunner.runScenario()'><b>runScenario</b><br>Test class: com.appiumautomation.testrunners.CucumberTestRunner<br>Test method: Runs Cucumber Scenarios<br>Parameters: "Chrome'da Google'a Gitme", "Chrome Browser Test"</td>
<td><div><pre>java.lang.RuntimeException: Driver bulunamadı: device1
	at com.appiumautomation.steps.ChromeSteps.kullaniciCihazdaChromuAcar(ChromeSteps.java:27)
	at ✽.kullanıcı &quot;device1&quot; cihazında Chrome&apos;u açar(file:///Users/swt/Desktop/git/AppiumAutomation/src/test/resources/features/chrome_test.feature:9)
</pre></div><a href='#' onClick='toggleBox("stack-trace1559154670", this, "Click to show all stack frames", "Click to hide stack frames")'>Click to show all stack frames</a>
<div class='stack-trace' id='stack-trace1559154670'><pre>java.lang.RuntimeException: Driver bulunamadı: device1
	at com.appiumautomation.steps.ChromeSteps.kullaniciCihazdaChromuAcar(ChromeSteps.java:27)
	at ✽.kullanıcı &quot;device1&quot; cihazında Chrome&apos;u açar(file:///Users/swt/Desktop/git/AppiumAutomation/src/test/resources/features/chrome_test.feature:9)
</pre></div></td>
<td>44</td>
<td>com.appiumautomation.testrunners.CucumberTestRunner@cc43f62</td></tr>
<tr>
<td title='com.appiumautomation.testrunners.CucumberTestRunner.runScenario()'><b>runScenario</b><br>Test class: com.appiumautomation.testrunners.CucumberTestRunner<br>Test method: Runs Cucumber Scenarios<br>Parameters: "Ayarlar Arama Fonksiyonu", "Android Ayarlar Uygulaması Testleri"</td>
<td><div><pre>java.lang.RuntimeException: Driver bulunamadı: device1
	at com.appiumautomation.steps.CommonSteps.kullaniciCihazdaUygulamayiAcar(CommonSteps.java:28)
	at ✽.kullanıcı &quot;device1&quot; cihazında uygulamayı açar(file:///Users/swt/Desktop/git/AppiumAutomation/src/test/resources/features/settings_test.feature:6)
</pre></div><a href='#' onClick='toggleBox("stack-trace737892411", this, "Click to show all stack frames", "Click to hide stack frames")'>Click to show all stack frames</a>
<div class='stack-trace' id='stack-trace737892411'><pre>java.lang.RuntimeException: Driver bulunamadı: device1
	at com.appiumautomation.steps.CommonSteps.kullaniciCihazdaUygulamayiAcar(CommonSteps.java:28)
	at ✽.kullanıcı &quot;device1&quot; cihazında uygulamayı açar(file:///Users/swt/Desktop/git/AppiumAutomation/src/test/resources/features/settings_test.feature:6)
</pre></div></td>
<td>0</td>
<td>com.appiumautomation.testrunners.CucumberTestRunner@cc43f62</td></tr>
<tr>
<td title='com.appiumautomation.testrunners.CucumberTestRunner.runScenario()'><b>runScenario</b><br>Test class: com.appiumautomation.testrunners.CucumberTestRunner<br>Test method: Runs Cucumber Scenarios<br>Parameters: "Wi-Fi Ayarlarını Kontrol Etme", "Android Ayarlar Uygulaması Testleri"</td>
<td><div><pre>java.lang.RuntimeException: Driver bulunamadı: device1
	at com.appiumautomation.steps.CommonSteps.kullaniciCihazdaUygulamayiAcar(CommonSteps.java:28)
	at ✽.kullanıcı &quot;device1&quot; cihazında uygulamayı açar(file:///Users/swt/Desktop/git/AppiumAutomation/src/test/resources/features/settings_test.feature:6)
</pre></div><a href='#' onClick='toggleBox("stack-trace1985828309", this, "Click to show all stack frames", "Click to hide stack frames")'>Click to show all stack frames</a>
<div class='stack-trace' id='stack-trace1985828309'><pre>java.lang.RuntimeException: Driver bulunamadı: device1
	at com.appiumautomation.steps.CommonSteps.kullaniciCihazdaUygulamayiAcar(CommonSteps.java:28)
	at ✽.kullanıcı &quot;device1&quot; cihazında uygulamayı açar(file:///Users/swt/Desktop/git/AppiumAutomation/src/test/resources/features/settings_test.feature:6)
</pre></div></td>
<td>0</td>
<td>com.appiumautomation.testrunners.CucumberTestRunner@cc43f62</td></tr>
<tr>
<td title='com.appiumautomation.testrunners.CucumberTestRunner.runScenario()'><b>runScenario</b><br>Test class: com.appiumautomation.testrunners.CucumberTestRunner<br>Test method: Runs Cucumber Scenarios<br>Parameters: "Ayarlar Menüsünde Gezinme", "Android Ayarlar Uygulaması Testleri"</td>
<td><div><pre>java.lang.RuntimeException: Driver bulunamadı: device1
	at com.appiumautomation.steps.CommonSteps.kullaniciCihazdaUygulamayiAcar(CommonSteps.java:28)
	at ✽.kullanıcı &quot;device1&quot; cihazında uygulamayı açar(file:///Users/swt/Desktop/git/AppiumAutomation/src/test/resources/features/settings_test.feature:6)
</pre></div><a href='#' onClick='toggleBox("stack-trace1874919946", this, "Click to show all stack frames", "Click to hide stack frames")'>Click to show all stack frames</a>
<div class='stack-trace' id='stack-trace1874919946'><pre>java.lang.RuntimeException: Driver bulunamadı: device1
	at com.appiumautomation.steps.CommonSteps.kullaniciCihazdaUygulamayiAcar(CommonSteps.java:28)
	at ✽.kullanıcı &quot;device1&quot; cihazında uygulamayı açar(file:///Users/swt/Desktop/git/AppiumAutomation/src/test/resources/features/settings_test.feature:6)
</pre></div></td>
<td>0</td>
<td>com.appiumautomation.testrunners.CucumberTestRunner@cc43f62</td></tr>
</table><p>
</body>
</html>