<?xml version="1.0" encoding="UTF-8"?>
<testng-results ignored="0" total="4" passed="0" failed="4" skipped="0">
  <reporter-output>
  </reporter-output>
  <suite started-at="2025-08-27T15:33:44 GMT+03:00" name="Chrome Browser Test Suite" finished-at="2025-08-27T15:34:29 GMT+03:00" duration-ms="44609">
    <groups>
      <group name="cucumber">
        <method signature="AbstractTestNGCucumberTests.runScenario(io.cucumber.testng.PickleWrapper,io.cucumber.testng.FeatureWrapper)[pri:0, instance:com.appiumautomation.testrunners.CucumberTestRunner@cc43f62]" name="runScenario" class="io.cucumber.testng.AbstractTestNGCucumberTests"/>
      </group> <!-- cucumber -->
    </groups>
    <test started-at="2025-08-27T15:33:44 GMT+03:00" name="Chrome Browser Tests" finished-at="2025-08-27T15:34:29 GMT+03:00" duration-ms="44609">
      <class name="com.appiumautomation.testrunners.CucumberTestRunner">
        <test-method is-config="true" signature="beforeSuite()[pri:0, instance:com.appiumautomation.testrunners.CucumberTestRunner@cc43f62]" started-at="2025-08-27T15:33:44 GMT+03:00" name="beforeSuite" finished-at="2025-08-27T15:33:44 GMT+03:00" duration-ms="3" status="PASS">
          <reporter-output>
          </reporter-output>
        </test-method> <!-- beforeSuite -->
        <test-method is-config="true" signature="setUpClass(org.testng.ITestContext)[pri:0, instance:com.appiumautomation.testrunners.CucumberTestRunner@cc43f62]" started-at="2025-08-27T15:33:44 GMT+03:00" name="setUpClass" finished-at="2025-08-27T15:33:44 GMT+03:00" duration-ms="164" status="PASS">
          <params>
            <param index="0">
              <value>
                <![CDATA[org.testng.TestRunner@338766de]]>
              </value>
            </param>
          </params>
          <reporter-output>
          </reporter-output>
        </test-method> <!-- setUpClass -->
        <test-method signature="runScenario(io.cucumber.testng.PickleWrapper,io.cucumber.testng.FeatureWrapper)[pri:0, instance:com.appiumautomation.testrunners.CucumberTestRunner@cc43f62]" started-at="2025-08-27T15:33:44 GMT+03:00" name="runScenario" description="Runs Cucumber Scenarios" data-provider="scenarios" finished-at="2025-08-27T15:34:29 GMT+03:00" duration-ms="44390" status="FAIL">
          <params>
            <param index="0">
              <value>
                <![CDATA["Chrome'da Google'a Gitme"]]>
              </value>
            </param>
            <param index="1">
              <value>
                <![CDATA["Chrome Browser Test"]]>
              </value>
            </param>
          </params>
          <exception class="java.lang.RuntimeException">
            <message>
              <![CDATA[Driver bulunamadı: device1]]>
            </message>
            <full-stacktrace>
              <![CDATA[java.lang.RuntimeException: Driver bulunamadı: device1
at com.appiumautomation.steps.ChromeSteps.kullaniciCihazdaChromuAcar(ChromeSteps.java:27)
at ✽.kullanıcı "device1" cihazında Chrome'u açar(file:///Users/swt/Desktop/git/AppiumAutomation/src/test/resources/features/chrome_test.feature:9)
]]>
            </full-stacktrace>
          </exception> <!-- java.lang.RuntimeException -->
          <reporter-output>
          </reporter-output>
        </test-method> <!-- runScenario -->
        <test-method signature="runScenario(io.cucumber.testng.PickleWrapper,io.cucumber.testng.FeatureWrapper)[pri:0, instance:com.appiumautomation.testrunners.CucumberTestRunner@cc43f62]" started-at="2025-08-27T15:34:29 GMT+03:00" name="runScenario" description="Runs Cucumber Scenarios" data-provider="scenarios" finished-at="2025-08-27T15:34:29 GMT+03:00" duration-ms="7" status="FAIL">
          <params>
            <param index="0">
              <value>
                <![CDATA["Wi-Fi Ayarlarını Kontrol Etme"]]>
              </value>
            </param>
            <param index="1">
              <value>
                <![CDATA["Android Ayarlar Uygulaması Testleri"]]>
              </value>
            </param>
          </params>
          <exception class="java.lang.RuntimeException">
            <message>
              <![CDATA[Driver bulunamadı: device1]]>
            </message>
            <full-stacktrace>
              <![CDATA[java.lang.RuntimeException: Driver bulunamadı: device1
at com.appiumautomation.steps.CommonSteps.kullaniciCihazdaUygulamayiAcar(CommonSteps.java:28)
at ✽.kullanıcı "device1" cihazında uygulamayı açar(file:///Users/swt/Desktop/git/AppiumAutomation/src/test/resources/features/settings_test.feature:6)
]]>
            </full-stacktrace>
          </exception> <!-- java.lang.RuntimeException -->
          <reporter-output>
          </reporter-output>
        </test-method> <!-- runScenario -->
        <test-method signature="runScenario(io.cucumber.testng.PickleWrapper,io.cucumber.testng.FeatureWrapper)[pri:0, instance:com.appiumautomation.testrunners.CucumberTestRunner@cc43f62]" started-at="2025-08-27T15:34:29 GMT+03:00" name="runScenario" description="Runs Cucumber Scenarios" data-provider="scenarios" finished-at="2025-08-27T15:34:29 GMT+03:00" duration-ms="5" status="FAIL">
          <params>
            <param index="0">
              <value>
                <![CDATA["Ayarlar Arama Fonksiyonu"]]>
              </value>
            </param>
            <param index="1">
              <value>
                <![CDATA["Android Ayarlar Uygulaması Testleri"]]>
              </value>
            </param>
          </params>
          <exception class="java.lang.RuntimeException">
            <message>
              <![CDATA[Driver bulunamadı: device1]]>
            </message>
            <full-stacktrace>
              <![CDATA[java.lang.RuntimeException: Driver bulunamadı: device1
at com.appiumautomation.steps.CommonSteps.kullaniciCihazdaUygulamayiAcar(CommonSteps.java:28)
at ✽.kullanıcı "device1" cihazında uygulamayı açar(file:///Users/swt/Desktop/git/AppiumAutomation/src/test/resources/features/settings_test.feature:6)
]]>
            </full-stacktrace>
          </exception> <!-- java.lang.RuntimeException -->
          <reporter-output>
          </reporter-output>
        </test-method> <!-- runScenario -->
        <test-method signature="runScenario(io.cucumber.testng.PickleWrapper,io.cucumber.testng.FeatureWrapper)[pri:0, instance:com.appiumautomation.testrunners.CucumberTestRunner@cc43f62]" started-at="2025-08-27T15:34:29 GMT+03:00" name="runScenario" description="Runs Cucumber Scenarios" data-provider="scenarios" finished-at="2025-08-27T15:34:29 GMT+03:00" duration-ms="4" status="FAIL">
          <params>
            <param index="0">
              <value>
                <![CDATA["Ayarlar Menüsünde Gezinme"]]>
              </value>
            </param>
            <param index="1">
              <value>
                <![CDATA["Android Ayarlar Uygulaması Testleri"]]>
              </value>
            </param>
          </params>
          <exception class="java.lang.RuntimeException">
            <message>
              <![CDATA[Driver bulunamadı: device1]]>
            </message>
            <full-stacktrace>
              <![CDATA[java.lang.RuntimeException: Driver bulunamadı: device1
at com.appiumautomation.steps.CommonSteps.kullaniciCihazdaUygulamayiAcar(CommonSteps.java:28)
at ✽.kullanıcı "device1" cihazında uygulamayı açar(file:///Users/swt/Desktop/git/AppiumAutomation/src/test/resources/features/settings_test.feature:6)
]]>
            </full-stacktrace>
          </exception> <!-- java.lang.RuntimeException -->
          <reporter-output>
          </reporter-output>
        </test-method> <!-- runScenario -->
        <test-method is-config="true" signature="tearDownClass()[pri:0, instance:com.appiumautomation.testrunners.CucumberTestRunner@cc43f62]" started-at="2025-08-27T15:34:29 GMT+03:00" name="tearDownClass" finished-at="2025-08-27T15:34:29 GMT+03:00" duration-ms="28" status="PASS">
          <reporter-output>
          </reporter-output>
        </test-method> <!-- tearDownClass -->
        <test-method is-config="true" signature="afterSuite()[pri:0, instance:com.appiumautomation.testrunners.CucumberTestRunner@cc43f62]" started-at="2025-08-27T15:34:29 GMT+03:00" name="afterSuite" finished-at="2025-08-27T15:34:29 GMT+03:00" duration-ms="4" status="PASS">
          <reporter-output>
          </reporter-output>
        </test-method> <!-- afterSuite -->
      </class> <!-- com.appiumautomation.testrunners.CucumberTestRunner -->
    </test> <!-- Chrome Browser Tests -->
  </suite> <!-- Chrome Browser Test Suite -->
</testng-results>
