<?xml version="1.0" encoding="UTF-8"?>
<!-- Generated by org.testng.reporters.JUnitReportReporter -->
<testsuite hostname="OguzhanCakiroglu-MacBook-Pro.local" failures="0" tests="4" name="com.appiumautomation.testrunners.CucumberTestRunner" time="44.406" errors="4" timestamp="2025-08-27T15:34:29 GMT+03:00" skipped="0">
  <testcase classname="com.appiumautomation.testrunners.CucumberTestRunner" name="runScenario" time="44.390">
    <error message="Driver bulunamadı: device1" type="java.lang.RuntimeException">
      <![CDATA[java.lang.RuntimeException: Driver bulunamadı: device1
at com.appiumautomation.steps.ChromeSteps.kullaniciCihazdaChromuAcar(ChromeSteps.java:27)
at ✽.kullanıcı "device1" cihazında Chrome'u açar(file:///Users/swt/Desktop/git/AppiumAutomation/src/test/resources/features/chrome_test.feature:9)
]]>
    </error>
  </testcase> <!-- runScenario -->
  <system-out/>
  <testcase classname="com.appiumautomation.testrunners.CucumberTestRunner" name="runScenario" time="0.005">
    <error message="Driver bulunamadı: device1" type="java.lang.RuntimeException">
      <![CDATA[java.lang.RuntimeException: Driver bulunamadı: device1
at com.appiumautomation.steps.CommonSteps.kullaniciCihazdaUygulamayiAcar(CommonSteps.java:28)
at ✽.kullanıcı "device1" cihazında uygulamayı açar(file:///Users/swt/Desktop/git/AppiumAutomation/src/test/resources/features/settings_test.feature:6)
]]>
    </error>
  </testcase> <!-- runScenario -->
  <system-out/>
  <testcase classname="com.appiumautomation.testrunners.CucumberTestRunner" name="runScenario" time="0.007">
    <error message="Driver bulunamadı: device1" type="java.lang.RuntimeException">
      <![CDATA[java.lang.RuntimeException: Driver bulunamadı: device1
at com.appiumautomation.steps.CommonSteps.kullaniciCihazdaUygulamayiAcar(CommonSteps.java:28)
at ✽.kullanıcı "device1" cihazında uygulamayı açar(file:///Users/swt/Desktop/git/AppiumAutomation/src/test/resources/features/settings_test.feature:6)
]]>
    </error>
  </testcase> <!-- runScenario -->
  <system-out/>
  <testcase classname="com.appiumautomation.testrunners.CucumberTestRunner" name="runScenario" time="0.004">
    <error message="Driver bulunamadı: device1" type="java.lang.RuntimeException">
      <![CDATA[java.lang.RuntimeException: Driver bulunamadı: device1
at com.appiumautomation.steps.CommonSteps.kullaniciCihazdaUygulamayiAcar(CommonSteps.java:28)
at ✽.kullanıcı "device1" cihazında uygulamayı açar(file:///Users/swt/Desktop/git/AppiumAutomation/src/test/resources/features/settings_test.feature:6)
]]>
    </error>
  </testcase> <!-- runScenario -->
  <system-out/>
</testsuite> <!-- com.appiumautomation.testrunners.CucumberTestRunner -->
